<?xml version="1.0" encoding="UTF-8"?>
<!-- Generated by org.testng.reporters.JUnitReportReporter -->
<testsuite hostname="Bharani" failures="0" tests="1" name="Testng.Testcase2" time="2.967" errors="0" timestamp="2022-12-22T07:51:11 IST" skipped="0">
  <testcase classname="Testng.Testcase2" name="tc2" time="2.967"/>
  <system-out>
    <![CDATA[Forgotten Password | Can't Log In | Facebook
https://www.facebook.com/login/identify/?ctx=recover&ars=facebook_login&from_login_screen=0]]>
  </system-out>
</testsuite> <!-- Testng.Testcase2 -->
