<?xml version="1.0" encoding="UTF-8"?>
<!-- Generated by org.testng.reporters.JUnitReportReporter -->
<testsuite hostname="Bharani" failures="0" tests="1" name="Testng.Testcase3" time="5.291" errors="0" timestamp="2022-12-21T07:40:17 IST" skipped="0">
  <testcase classname="Testng.Testcase3" name="tc3" time="5.291"/>
  <system-out>
    <![CDATA[Log in to Facebook
https://www.facebook.com/login/?next=https%3A%2F%2Fwww.facebook.com%2Fpages%2Fcreate%2F%3Fref_type%3Dregistration_form]]>
  </system-out>
</testsuite> <!-- Testng.Testcase3 -->
