<?xml version="1.0" encoding="UTF-8"?>
<!-- Generated by org.testng.reporters.JUnitReportReporter -->
<testsuite hostname="Bharani" failures="0" tests="1" name="Testng.Test1" time="0.011" errors="0" timestamp="2022-12-20T07:49:22 IST" skipped="0">
  <testcase classname="Testng.Test1" name="demo" time="0.011"/>
  <system-out>
    <![CDATA[Hello Java
Hello Selenium]]>
  </system-out>
</testsuite> <!-- Testng.Test1 -->
