<?xml version="1.0" encoding="UTF-8"?>
<!-- Generated by org.testng.reporters.JUnitReportReporter -->
<testsuite hostname="Bharani" failures="0" tests="3" name="Testng.Test2" time="0.009" errors="0" timestamp="2022-12-20T08:28:33 IST" skipped="1">
  <testcase classname="Testng.Test2" name="chats" time="0.007"/>
  <system-out>
    <![CDATA[Chats]]>
  </system-out>
  <testcase classname="Testng.Test2" name="calls" time="0.002"/>
  <system-out>
    <![CDATA[Calls]]>
  </system-out>
  <testcase classname="Testng.Test2" name="settings">
    <skipped/>
  </testcase> <!-- settings -->
  <system-out/>
</testsuite> <!-- Testng.Test2 -->
